[2013-05-19 17:40:35.488] [INFO] /usr/lib/node_modules/pomelo/lib/application.js - application inited: "game-server-1"
[2013-05-19 17:40:35.773] [INFO] console - info: 'socket.io started'
[2013-05-19 17:40:35.783] [INFO] console - [32m[2013-05-19 17:40:35.782] [INFO] /usr/lib/node_modules/pomelo/node_modules/pomelo-admin/lib/consoleService.js - [39mtry to connect master: "game", "127.0.0.1", 3005
[2013-05-19 17:40:35.853] [INFO] /usr/lib/node_modules/pomelo/lib/application.js - "game-server-1" enter after start...
[2013-05-19 17:40:35.855] [INFO] /usr/lib/node_modules/pomelo/lib/application.js - "game-server-1" finish start
[2013-05-19 17:56:46.994] [INFO] /usr/lib/node_modules/pomelo/lib/application.js - application inited: "game-server-1"
[2013-05-19 17:56:47.265] [INFO] console - info: 'socket.io started'
[2013-05-19 17:56:47.276] [INFO] console - [32m[2013-05-19 17:56:47.276] [INFO] /usr/lib/node_modules/pomelo/node_modules/pomelo-admin/lib/consoleService.js - [39mtry to connect master: "game", "127.0.0.1", 3005
[2013-05-19 17:56:47.347] [INFO] /usr/lib/node_modules/pomelo/lib/application.js - "game-server-1" enter after start...
[2013-05-19 17:56:47.348] [INFO] /usr/lib/node_modules/pomelo/lib/application.js - "game-server-1" finish start
[2013-05-19 23:01:08.970] [INFO] /usr/lib/node_modules/pomelo/lib/application.js - application inited: "game-server-1"
[2013-05-19 23:01:09.238] [INFO] console - info: 'socket.io started'
[2013-05-19 23:01:09.248] [INFO] console - [32m[2013-05-19 23:01:09.248] [INFO] /usr/lib/node_modules/pomelo/node_modules/pomelo-admin/lib/consoleService.js - [39mtry to connect master: "game", "127.0.0.1", 3005
[2013-05-19 23:01:09.317] [INFO] /usr/lib/node_modules/pomelo/lib/application.js - "game-server-1" enter after start...
[2013-05-19 23:01:09.318] [INFO] /usr/lib/node_modules/pomelo/lib/application.js - "game-server-1" finish start
[2013-05-20 09:08:10.587] [INFO] /usr/lib/node_modules/pomelo/lib/application.js - application inited: "game-server-1"
[2013-05-20 09:08:11.566] [INFO] console - info: 'socket.io started'
[2013-05-20 09:08:11.577] [INFO] console - [32m[2013-05-20 09:08:11.577] [INFO] /usr/lib/node_modules/pomelo/node_modules/pomelo-admin/lib/consoleService.js - [39mtry to connect master: "game", "127.0.0.1", 3005
[2013-05-20 09:08:11.638] [INFO] /usr/lib/node_modules/pomelo/lib/application.js - "game-server-1" enter after start...
[2013-05-20 09:08:11.639] [INFO] /usr/lib/node_modules/pomelo/lib/application.js - "game-server-1" finish start
[2013-05-20 09:48:33.969] [INFO] /usr/lib/node_modules/pomelo/lib/application.js - application inited: "game-server-1"
[2013-05-20 09:48:34.249] [INFO] console - info: 'socket.io started'
[2013-05-20 09:48:34.261] [INFO] console - [32m[2013-05-20 09:48:34.260] [INFO] /usr/lib/node_modules/pomelo/node_modules/pomelo-admin/lib/consoleService.js - [39mtry to connect master: "game", "127.0.0.1", 3005
[2013-05-20 09:48:34.332] [INFO] /usr/lib/node_modules/pomelo/lib/application.js - "game-server-1" enter after start...
[2013-05-20 09:48:34.333] [INFO] /usr/lib/node_modules/pomelo/lib/application.js - "game-server-1" finish start
[2013-05-20 09:59:09.543] [INFO] /usr/lib/node_modules/pomelo/lib/application.js - application inited: "game-server-1"
[2013-05-20 09:59:09.820] [INFO] console - info: 'socket.io started'
[2013-05-20 09:59:09.832] [INFO] console - [32m[2013-05-20 09:59:09.831] [INFO] /usr/lib/node_modules/pomelo/node_modules/pomelo-admin/lib/consoleService.js - [39mtry to connect master: "game", "127.0.0.1", 3005
[2013-05-20 09:59:09.900] [INFO] /usr/lib/node_modules/pomelo/lib/application.js - "game-server-1" enter after start...
[2013-05-20 09:59:09.901] [INFO] /usr/lib/node_modules/pomelo/lib/application.js - "game-server-1" finish start
[2013-05-20 10:00:12.310] [INFO] /usr/lib/node_modules/pomelo/lib/application.js - application inited: "game-server-1"
[2013-05-20 10:00:12.580] [INFO] console - info: 'socket.io started'
[2013-05-20 10:00:12.591] [INFO] console - [32m[2013-05-20 10:00:12.591] [INFO] /usr/lib/node_modules/pomelo/node_modules/pomelo-admin/lib/consoleService.js - [39mtry to connect master: "game", "127.0.0.1", 3005
[2013-05-20 10:00:12.660] [INFO] /usr/lib/node_modules/pomelo/lib/application.js - "game-server-1" enter after start...
[2013-05-20 10:00:12.661] [INFO] /usr/lib/node_modules/pomelo/lib/application.js - "game-server-1" finish start
[2013-05-20 10:16:56.022] [INFO] /usr/lib/node_modules/pomelo/lib/application.js - application inited: "game-server-1"
[2013-05-20 10:16:56.327] [INFO] console - info: 'socket.io started'
[2013-05-20 10:16:56.338] [INFO] console - [32m[2013-05-20 10:16:56.337] [INFO] /usr/lib/node_modules/pomelo/node_modules/pomelo-admin/lib/consoleService.js - [39mtry to connect master: "game", "127.0.0.1", 3005
[2013-05-20 10:16:56.410] [INFO] /usr/lib/node_modules/pomelo/lib/application.js - "game-server-1" enter after start...
[2013-05-20 10:16:56.411] [INFO] /usr/lib/node_modules/pomelo/lib/application.js - "game-server-1" finish start
[2013-05-20 10:20:35.493] [INFO] /usr/lib/node_modules/pomelo/lib/application.js - application inited: "game-server-1"
[2013-05-20 10:20:35.762] [INFO] console - info: 'socket.io started'
[2013-05-20 10:20:35.773] [INFO] console - [32m[2013-05-20 10:20:35.772] [INFO] /usr/lib/node_modules/pomelo/node_modules/pomelo-admin/lib/consoleService.js - [39mtry to connect master: "game", "127.0.0.1", 3005
[2013-05-20 10:20:35.839] [INFO] /usr/lib/node_modules/pomelo/lib/application.js - "game-server-1" enter after start...
[2013-05-20 10:20:35.840] [INFO] /usr/lib/node_modules/pomelo/lib/application.js - "game-server-1" finish start
[2013-05-20 10:21:47.378] [INFO] /usr/lib/node_modules/pomelo/lib/application.js - application inited: "game-server-1"
[2013-05-20 10:21:47.654] [INFO] console - info: 'socket.io started'
[2013-05-20 10:21:47.665] [INFO] console - [32m[2013-05-20 10:21:47.665] [INFO] /usr/lib/node_modules/pomelo/node_modules/pomelo-admin/lib/consoleService.js - [39mtry to connect master: "game", "127.0.0.1", 3005
[2013-05-20 10:21:47.733] [INFO] /usr/lib/node_modules/pomelo/lib/application.js - "game-server-1" enter after start...
[2013-05-20 10:21:47.734] [INFO] /usr/lib/node_modules/pomelo/lib/application.js - "game-server-1" finish start
[2013-05-20 10:27:49.274] [INFO] /usr/lib/node_modules/pomelo/lib/application.js - application inited: "game-server-1"
[2013-05-20 10:27:49.543] [INFO] console - info: 'socket.io started'
[2013-05-20 10:27:49.554] [INFO] console - [32m[2013-05-20 10:27:49.554] [INFO] /usr/lib/node_modules/pomelo/node_modules/pomelo-admin/lib/consoleService.js - [39mtry to connect master: "game", "127.0.0.1", 3005
[2013-05-20 10:27:49.623] [INFO] /usr/lib/node_modules/pomelo/lib/application.js - "game-server-1" enter after start...
[2013-05-20 10:27:49.624] [INFO] /usr/lib/node_modules/pomelo/lib/application.js - "game-server-1" finish start
[2013-05-20 10:28:28.782] [INFO] /usr/lib/node_modules/pomelo/lib/application.js - application inited: "game-server-1"
[2013-05-20 10:28:29.069] [INFO] console - info: 'socket.io started'
[2013-05-20 10:28:29.080] [INFO] console - [32m[2013-05-20 10:28:29.080] [INFO] /usr/lib/node_modules/pomelo/node_modules/pomelo-admin/lib/consoleService.js - [39mtry to connect master: "game", "127.0.0.1", 3005
[2013-05-20 10:28:29.152] [INFO] /usr/lib/node_modules/pomelo/lib/application.js - "game-server-1" enter after start...
[2013-05-20 10:28:29.154] [INFO] /usr/lib/node_modules/pomelo/lib/application.js - "game-server-1" finish start
[2013-05-20 10:30:54.974] [INFO] /usr/lib/node_modules/pomelo/lib/application.js - application inited: "game-server-1"
[2013-05-20 10:30:55.237] [INFO] console - info: 'socket.io started'
[2013-05-20 10:30:55.248] [INFO] console - [32m[2013-05-20 10:30:55.247] [INFO] /usr/lib/node_modules/pomelo/node_modules/pomelo-admin/lib/consoleService.js - [39mtry to connect master: "game", "127.0.0.1", 3005
[2013-05-20 10:30:55.315] [INFO] /usr/lib/node_modules/pomelo/lib/application.js - "game-server-1" enter after start...
[2013-05-20 10:30:55.316] [INFO] /usr/lib/node_modules/pomelo/lib/application.js - "game-server-1" finish start
[2013-05-20 10:38:50.316] [INFO] /usr/lib/node_modules/pomelo/lib/application.js - application inited: "game-server-1"
[2013-05-20 10:38:50.596] [INFO] console - info: 'socket.io started'
[2013-05-20 10:38:50.607] [INFO] console - [32m[2013-05-20 10:38:50.606] [INFO] /usr/lib/node_modules/pomelo/node_modules/pomelo-admin/lib/consoleService.js - [39mtry to connect master: "game", "127.0.0.1", 3005
[2013-05-20 10:38:50.680] [INFO] /usr/lib/node_modules/pomelo/lib/application.js - "game-server-1" enter after start...
[2013-05-20 10:38:50.681] [INFO] /usr/lib/node_modules/pomelo/lib/application.js - "game-server-1" finish start
[2013-05-20 12:08:57.605] [INFO] /usr/lib/node_modules/pomelo/lib/application.js - application inited: "game-server-1"
[2013-05-20 12:08:58.547] [INFO] console - info: 'socket.io started'
[2013-05-20 12:08:58.560] [INFO] console - [32m[2013-05-20 12:08:58.559] [INFO] /usr/lib/node_modules/pomelo/node_modules/pomelo-admin/lib/consoleService.js - [39mtry to connect master: "game", "127.0.0.1", 3005
[2013-05-20 12:08:58.635] [INFO] /usr/lib/node_modules/pomelo/lib/application.js - "game-server-1" enter after start...
[2013-05-20 12:08:58.636] [INFO] /usr/lib/node_modules/pomelo/lib/application.js - "game-server-1" finish start
[2013-05-20 12:22:15.650] [INFO] /usr/lib/node_modules/pomelo/lib/application.js - application inited: "game-server-1"
[2013-05-20 12:22:15.965] [INFO] console - info: 'socket.io started'
[2013-05-20 12:22:15.978] [INFO] console - [32m[2013-05-20 12:22:15.977] [INFO] /usr/lib/node_modules/pomelo/node_modules/pomelo-admin/lib/consoleService.js - [39mtry to connect master: "game", "127.0.0.1", 3005
[2013-05-20 12:22:16.052] [INFO] /usr/lib/node_modules/pomelo/lib/application.js - "game-server-1" enter after start...
[2013-05-20 12:22:16.054] [INFO] /usr/lib/node_modules/pomelo/lib/application.js - "game-server-1" finish start
[2013-05-20 14:49:24.764] [INFO] /usr/lib/node_modules/pomelo/lib/application.js - application inited: "game-server-1"
[2013-05-20 14:49:25.688] [INFO] console - info: 'socket.io started'
[2013-05-20 14:49:25.699] [INFO] console - [32m[2013-05-20 14:49:25.698] [INFO] /usr/lib/node_modules/pomelo/node_modules/pomelo-admin/lib/consoleService.js - [39mtry to connect master: "game", "127.0.0.1", 3005
[2013-05-20 14:49:25.760] [INFO] /usr/lib/node_modules/pomelo/lib/application.js - "game-server-1" enter after start...
[2013-05-20 14:49:25.761] [INFO] /usr/lib/node_modules/pomelo/lib/application.js - "game-server-1" finish start
[2013-05-20 14:54:13.411] [INFO] /usr/lib/node_modules/pomelo/lib/application.js - application inited: "game-server-1"
[2013-05-20 14:54:13.685] [INFO] console - info: 'socket.io started'
[2013-05-20 14:54:13.697] [INFO] console - [32m[2013-05-20 14:54:13.696] [INFO] /usr/lib/node_modules/pomelo/node_modules/pomelo-admin/lib/consoleService.js - [39mtry to connect master: "game", "127.0.0.1", 3005
[2013-05-20 14:54:13.768] [INFO] /usr/lib/node_modules/pomelo/lib/application.js - "game-server-1" enter after start...
[2013-05-20 14:54:13.769] [INFO] /usr/lib/node_modules/pomelo/lib/application.js - "game-server-1" finish start
[2013-05-20 15:10:13.158] [INFO] /usr/lib/node_modules/pomelo/lib/application.js - application inited: "game-server-1"
[2013-05-20 15:10:13.425] [INFO] console - info: 'socket.io started'
[2013-05-20 15:10:13.435] [INFO] console - [32m[2013-05-20 15:10:13.435] [INFO] /usr/lib/node_modules/pomelo/node_modules/pomelo-admin/lib/consoleService.js - [39mtry to connect master: "game", "127.0.0.1", 3005
[2013-05-20 15:10:13.504] [INFO] /usr/lib/node_modules/pomelo/lib/application.js - "game-server-1" enter after start...
[2013-05-20 15:10:13.505] [INFO] /usr/lib/node_modules/pomelo/lib/application.js - "game-server-1" finish start
[2013-05-20 15:12:21.796] [INFO] /usr/lib/node_modules/pomelo/lib/application.js - application inited: "game-server-1"
[2013-05-20 15:12:22.063] [INFO] console - info: 'socket.io started'
[2013-05-20 15:12:22.074] [INFO] console - [32m[2013-05-20 15:12:22.073] [INFO] /usr/lib/node_modules/pomelo/node_modules/pomelo-admin/lib/consoleService.js - [39mtry to connect master: "game", "127.0.0.1", 3005
[2013-05-20 15:12:22.145] [INFO] /usr/lib/node_modules/pomelo/lib/application.js - "game-server-1" enter after start...
[2013-05-20 15:12:22.146] [INFO] /usr/lib/node_modules/pomelo/lib/application.js - "game-server-1" finish start
[2013-05-20 15:17:51.685] [INFO] /usr/lib/node_modules/pomelo/lib/application.js - application inited: "game-server-1"
[2013-05-20 15:17:51.959] [INFO] console - info: 'socket.io started'
[2013-05-20 15:17:51.969] [INFO] console - [32m[2013-05-20 15:17:51.969] [INFO] /usr/lib/node_modules/pomelo/node_modules/pomelo-admin/lib/consoleService.js - [39mtry to connect master: "game", "127.0.0.1", 3005
[2013-05-20 15:17:52.039] [INFO] /usr/lib/node_modules/pomelo/lib/application.js - "game-server-1" enter after start...
[2013-05-20 15:17:52.041] [INFO] /usr/lib/node_modules/pomelo/lib/application.js - "game-server-1" finish start
[2013-05-20 15:18:25.078] [INFO] /usr/lib/node_modules/pomelo/lib/application.js - application inited: "game-server-1"
[2013-05-20 15:18:25.351] [INFO] console - info: 'socket.io started'
[2013-05-20 15:18:25.362] [INFO] console - [32m[2013-05-20 15:18:25.361] [INFO] /usr/lib/node_modules/pomelo/node_modules/pomelo-admin/lib/consoleService.js - [39mtry to connect master: "game", "127.0.0.1", 3005
[2013-05-20 15:18:25.430] [INFO] /usr/lib/node_modules/pomelo/lib/application.js - "game-server-1" enter after start...
[2013-05-20 15:18:25.431] [INFO] /usr/lib/node_modules/pomelo/lib/application.js - "game-server-1" finish start
[2013-05-20 15:18:39.202] [INFO] /usr/lib/node_modules/pomelo/lib/application.js - application inited: "game-server-1"
[2013-05-20 15:18:39.513] [INFO] console - info: 'socket.io started'
[2013-05-20 15:18:39.527] [INFO] console - [32m[2013-05-20 15:18:39.526] [INFO] /usr/lib/node_modules/pomelo/node_modules/pomelo-admin/lib/consoleService.js - [39mtry to connect master: "game", "127.0.0.1", 3005
[2013-05-20 15:18:39.576] [INFO] /usr/lib/node_modules/pomelo/lib/application.js - "game-server-1" enter after start...
[2013-05-20 15:18:39.577] [INFO] /usr/lib/node_modules/pomelo/lib/application.js - "game-server-1" finish start
[2013-05-20 15:19:00.615] [INFO] /usr/lib/node_modules/pomelo/lib/application.js - application inited: "game-server-1"
[2013-05-20 15:19:00.896] [INFO] console - info: 'socket.io started'
[2013-05-20 15:19:00.907] [INFO] console - [32m[2013-05-20 15:19:00.906] [INFO] /usr/lib/node_modules/pomelo/node_modules/pomelo-admin/lib/consoleService.js - [39mtry to connect master: "game", "127.0.0.1", 3005
[2013-05-20 15:19:00.977] [INFO] /usr/lib/node_modules/pomelo/lib/application.js - "game-server-1" enter after start...
[2013-05-20 15:19:00.978] [INFO] /usr/lib/node_modules/pomelo/lib/application.js - "game-server-1" finish start
[2013-05-20 15:24:50.495] [INFO] /usr/lib/node_modules/pomelo/lib/application.js - application inited: "game-server-1"
[2013-05-20 15:24:50.797] [INFO] console - info: 'socket.io started'
[2013-05-20 15:24:50.811] [INFO] console - [32m[2013-05-20 15:24:50.810] [INFO] /usr/lib/node_modules/pomelo/node_modules/pomelo-admin/lib/consoleService.js - [39mtry to connect master: "game", "127.0.0.1", 3005
[2013-05-20 15:24:50.861] [INFO] /usr/lib/node_modules/pomelo/lib/application.js - "game-server-1" enter after start...
[2013-05-20 15:24:50.862] [INFO] /usr/lib/node_modules/pomelo/lib/application.js - "game-server-1" finish start
[2013-05-20 15:27:35.327] [INFO] /usr/lib/node_modules/pomelo/lib/application.js - application inited: "game-server-1"
[2013-05-20 15:27:35.599] [INFO] console - info: 'socket.io started'
[2013-05-20 15:27:35.610] [INFO] console - [32m[2013-05-20 15:27:35.609] [INFO] /usr/lib/node_modules/pomelo/node_modules/pomelo-admin/lib/consoleService.js - [39mtry to connect master: "game", "127.0.0.1", 3005
[2013-05-20 15:27:35.681] [INFO] /usr/lib/node_modules/pomelo/lib/application.js - "game-server-1" enter after start...
[2013-05-20 15:27:35.682] [INFO] /usr/lib/node_modules/pomelo/lib/application.js - "game-server-1" finish start
[2013-05-20 15:28:30.803] [INFO] /usr/lib/node_modules/pomelo/lib/application.js - application inited: "game-server-1"
[2013-05-20 15:28:31.101] [INFO] console - info: 'socket.io started'
[2013-05-20 15:28:31.113] [INFO] console - [32m[2013-05-20 15:28:31.112] [INFO] /usr/lib/node_modules/pomelo/node_modules/pomelo-admin/lib/consoleService.js - [39mtry to connect master: "game", "127.0.0.1", 3005
[2013-05-20 15:28:31.193] [INFO] /usr/lib/node_modules/pomelo/lib/application.js - "game-server-1" enter after start...
[2013-05-20 15:28:31.194] [INFO] /usr/lib/node_modules/pomelo/lib/application.js - "game-server-1" finish start
[2013-05-20 16:16:29.649] [INFO] /usr/lib/node_modules/pomelo/lib/application.js - application inited: "game-server-1"
[2013-05-20 16:16:29.950] [INFO] console - info: 'socket.io started'
[2013-05-20 16:16:29.965] [INFO] console - [32m[2013-05-20 16:16:29.964] [INFO] /usr/lib/node_modules/pomelo/node_modules/pomelo-admin/lib/consoleService.js - [39mtry to connect master: "game", "127.0.0.1", 3005
[2013-05-20 16:16:30.015] [INFO] /usr/lib/node_modules/pomelo/lib/application.js - "game-server-1" enter after start...
[2013-05-20 16:16:30.016] [INFO] /usr/lib/node_modules/pomelo/lib/application.js - "game-server-1" finish start
[2013-05-20 16:16:58.657] [INFO] /usr/lib/node_modules/pomelo/lib/application.js - application inited: "game-server-1"
[2013-05-20 16:16:58.926] [INFO] console - info: 'socket.io started'
[2013-05-20 16:16:58.937] [INFO] console - [32m[2013-05-20 16:16:58.937] [INFO] /usr/lib/node_modules/pomelo/node_modules/pomelo-admin/lib/consoleService.js - [39mtry to connect master: "game", "127.0.0.1", 3005
[2013-05-20 16:16:59.004] [INFO] /usr/lib/node_modules/pomelo/lib/application.js - "game-server-1" enter after start...
[2013-05-20 16:16:59.005] [INFO] /usr/lib/node_modules/pomelo/lib/application.js - "game-server-1" finish start
[2013-05-20 16:20:07.330] [INFO] /usr/lib/node_modules/pomelo/lib/application.js - application inited: "game-server-1"
[2013-05-20 16:20:07.600] [INFO] console - info: 'socket.io started'
[2013-05-20 16:20:07.611] [INFO] console - [32m[2013-05-20 16:20:07.610] [INFO] /usr/lib/node_modules/pomelo/node_modules/pomelo-admin/lib/consoleService.js - [39mtry to connect master: "game", "127.0.0.1", 3005
[2013-05-20 16:20:07.688] [INFO] /usr/lib/node_modules/pomelo/lib/application.js - "game-server-1" enter after start...
[2013-05-20 16:20:07.689] [INFO] /usr/lib/node_modules/pomelo/lib/application.js - "game-server-1" finish start
[2013-05-20 16:22:45.125] [INFO] /usr/lib/node_modules/pomelo/lib/application.js - application inited: "game-server-1"
[2013-05-20 16:22:45.129] [INFO] console - <!--    game server start     --!>
[2013-05-20 16:22:45.395] [INFO] console - info: 'socket.io started'
[2013-05-20 16:22:45.405] [INFO] console - [32m[2013-05-20 16:22:45.404] [INFO] /usr/lib/node_modules/pomelo/node_modules/pomelo-admin/lib/consoleService.js - [39mtry to connect master: "game", "127.0.0.1", 3005
[2013-05-20 16:22:45.473] [INFO] /usr/lib/node_modules/pomelo/lib/application.js - "game-server-1" enter after start...
[2013-05-20 16:22:45.474] [INFO] /usr/lib/node_modules/pomelo/lib/application.js - "game-server-1" finish start
[2013-05-20 16:26:28.555] [INFO] /usr/lib/node_modules/pomelo/lib/application.js - application inited: "game-server-1"
[2013-05-20 16:26:28.613] [INFO] console - <!--    game server start     --!>
[2013-05-20 16:26:28.878] [INFO] console - info: 'socket.io started'
[2013-05-20 16:26:28.892] [INFO] console - [32m[2013-05-20 16:26:28.891] [INFO] /usr/lib/node_modules/pomelo/node_modules/pomelo-admin/lib/consoleService.js - [39mtry to connect master: "game", "127.0.0.1", 3005
[2013-05-20 16:26:28.943] [INFO] /usr/lib/node_modules/pomelo/lib/application.js - "game-server-1" enter after start...
[2013-05-20 16:26:28.944] [INFO] /usr/lib/node_modules/pomelo/lib/application.js - "game-server-1" finish start
[2013-05-20 16:28:21.931] [INFO] /usr/lib/node_modules/pomelo/lib/application.js - application inited: "game-server-1"
[2013-05-20 16:28:22.198] [INFO] console - info: 'socket.io started'
[2013-05-20 16:28:22.208] [INFO] console - [32m[2013-05-20 16:28:22.208] [INFO] /usr/lib/node_modules/pomelo/node_modules/pomelo-admin/lib/consoleService.js - [39mtry to connect master: "game", "127.0.0.1", 3005
[2013-05-20 16:28:22.276] [INFO] /usr/lib/node_modules/pomelo/lib/application.js - "game-server-1" enter after start...
[2013-05-20 16:28:22.278] [INFO] /usr/lib/node_modules/pomelo/lib/application.js - "game-server-1" finish start
[2013-05-20 16:40:37.483] [INFO] /usr/lib/node_modules/pomelo/lib/application.js - application inited: "game-server-1"
[2013-05-20 16:40:38.496] [INFO] console - info: 'socket.io started'
[2013-05-20 16:40:38.511] [INFO] console - [32m[2013-05-20 16:40:38.510] [INFO] /usr/lib/node_modules/pomelo/node_modules/pomelo-admin/lib/consoleService.js - [39mtry to connect master: "game", "127.0.0.1", 3005
[2013-05-20 16:40:38.587] [INFO] /usr/lib/node_modules/pomelo/lib/application.js - "game-server-1" enter after start...
[2013-05-20 16:40:38.588] [INFO] /usr/lib/node_modules/pomelo/lib/application.js - "game-server-1" finish start
[2013-05-20 16:41:33.057] [INFO] /usr/lib/node_modules/pomelo/lib/application.js - application inited: "game-server-1"
[2013-05-20 16:41:33.319] [INFO] console - info: 'socket.io started'
[2013-05-20 16:41:33.331] [INFO] console - [32m[2013-05-20 16:41:33.330] [INFO] /usr/lib/node_modules/pomelo/node_modules/pomelo-admin/lib/consoleService.js - [39mtry to connect master: "game", "127.0.0.1", 3005
[2013-05-20 16:41:33.400] [INFO] /usr/lib/node_modules/pomelo/lib/application.js - "game-server-1" enter after start...
[2013-05-20 16:41:33.401] [INFO] /usr/lib/node_modules/pomelo/lib/application.js - "game-server-1" finish start
[2013-05-20 16:41:46.840] [INFO] /usr/lib/node_modules/pomelo/lib/application.js - application inited: "game-server-1"
[2013-05-20 16:41:47.114] [INFO] console - info: 'socket.io started'
[2013-05-20 16:41:47.126] [INFO] console - [32m[2013-05-20 16:41:47.125] [INFO] /usr/lib/node_modules/pomelo/node_modules/pomelo-admin/lib/consoleService.js - [39mtry to connect master: "game", "127.0.0.1", 3005
[2013-05-20 16:41:47.199] [INFO] /usr/lib/node_modules/pomelo/lib/application.js - "game-server-1" enter after start...
[2013-05-20 16:41:47.200] [INFO] /usr/lib/node_modules/pomelo/lib/application.js - "game-server-1" finish start
[2013-05-20 16:44:16.541] [INFO] /usr/lib/node_modules/pomelo/lib/application.js - application inited: "game-server-1"
[2013-05-20 16:44:16.822] [INFO] console - info: 'socket.io started'
[2013-05-20 16:44:16.833] [INFO] console - [32m[2013-05-20 16:44:16.832] [INFO] /usr/lib/node_modules/pomelo/node_modules/pomelo-admin/lib/consoleService.js - [39mtry to connect master: "game", "127.0.0.1", 3005
[2013-05-20 16:44:16.904] [INFO] /usr/lib/node_modules/pomelo/lib/application.js - "game-server-1" enter after start...
[2013-05-20 16:44:16.906] [INFO] /usr/lib/node_modules/pomelo/lib/application.js - "game-server-1" finish start
[2013-05-20 16:46:58.540] [INFO] /usr/lib/node_modules/pomelo/lib/application.js - application inited: "game-server-1"
[2013-05-20 16:46:58.818] [INFO] console - info: 'socket.io started'
[2013-05-20 16:46:58.830] [INFO] console - [32m[2013-05-20 16:46:58.829] [INFO] /usr/lib/node_modules/pomelo/node_modules/pomelo-admin/lib/consoleService.js - [39mtry to connect master: "game", "127.0.0.1", 3005
[2013-05-20 16:46:58.901] [INFO] /usr/lib/node_modules/pomelo/lib/application.js - "game-server-1" enter after start...
[2013-05-20 16:46:58.902] [INFO] /usr/lib/node_modules/pomelo/lib/application.js - "game-server-1" finish start
[2013-05-20 16:48:05.021] [INFO] /usr/lib/node_modules/pomelo/lib/application.js - application inited: "game-server-1"
[2013-05-20 16:48:05.304] [INFO] console - info: 'socket.io started'
[2013-05-20 16:48:05.315] [INFO] console - [32m[2013-05-20 16:48:05.314] [INFO] /usr/lib/node_modules/pomelo/node_modules/pomelo-admin/lib/consoleService.js - [39mtry to connect master: "game", "127.0.0.1", 3005
[2013-05-20 16:48:05.385] [INFO] /usr/lib/node_modules/pomelo/lib/application.js - "game-server-1" enter after start...
[2013-05-20 16:48:05.386] [INFO] /usr/lib/node_modules/pomelo/lib/application.js - "game-server-1" finish start
[2013-05-20 16:53:16.784] [INFO] /usr/lib/node_modules/pomelo/lib/application.js - application inited: "game-server-1"
[2013-05-20 16:53:17.099] [INFO] console - info: 'socket.io started'
[2013-05-20 16:53:17.116] [INFO] console - [32m[2013-05-20 16:53:17.115] [INFO] /usr/lib/node_modules/pomelo/node_modules/pomelo-admin/lib/consoleService.js - [39mtry to connect master: "game", "127.0.0.1", 3005
[2013-05-20 16:53:17.164] [INFO] /usr/lib/node_modules/pomelo/lib/application.js - "game-server-1" enter after start...
[2013-05-20 16:53:17.165] [INFO] /usr/lib/node_modules/pomelo/lib/application.js - "game-server-1" finish start
[2013-05-20 16:57:10.246] [INFO] /usr/lib/node_modules/pomelo/lib/application.js - application inited: "game-server-1"
[2013-05-20 16:57:10.523] [INFO] console - info: 'socket.io started'
[2013-05-20 16:57:10.534] [INFO] console - [32m[2013-05-20 16:57:10.533] [INFO] /usr/lib/node_modules/pomelo/node_modules/pomelo-admin/lib/consoleService.js - [39mtry to connect master: "game", "127.0.0.1", 3005
[2013-05-20 16:57:10.606] [INFO] /usr/lib/node_modules/pomelo/lib/application.js - "game-server-1" enter after start...
[2013-05-20 16:57:10.607] [INFO] /usr/lib/node_modules/pomelo/lib/application.js - "game-server-1" finish start
[2013-05-20 16:58:29.919] [INFO] /usr/lib/node_modules/pomelo/lib/application.js - application inited: "game-server-1"
[2013-05-20 16:58:30.191] [INFO] console - info: 'socket.io started'
[2013-05-20 16:58:30.202] [INFO] console - [32m[2013-05-20 16:58:30.202] [INFO] /usr/lib/node_modules/pomelo/node_modules/pomelo-admin/lib/consoleService.js - [39mtry to connect master: "game", "127.0.0.1", 3005
[2013-05-20 16:58:30.271] [INFO] /usr/lib/node_modules/pomelo/lib/application.js - "game-server-1" enter after start...
[2013-05-20 16:58:30.272] [INFO] /usr/lib/node_modules/pomelo/lib/application.js - "game-server-1" finish start
[2013-05-20 17:02:12.404] [INFO] /usr/lib/node_modules/pomelo/lib/application.js - application inited: "game-server-1"
[2013-05-20 17:02:12.682] [INFO] console - info: 'socket.io started'
[2013-05-20 17:02:12.698] [INFO] console - [32m[2013-05-20 17:02:12.697] [INFO] /usr/lib/node_modules/pomelo/node_modules/pomelo-admin/lib/consoleService.js - [39mtry to connect master: "game", "127.0.0.1", 3005
[2013-05-20 17:02:12.766] [INFO] /usr/lib/node_modules/pomelo/lib/application.js - "game-server-1" enter after start...
[2013-05-20 17:02:12.768] [INFO] /usr/lib/node_modules/pomelo/lib/application.js - "game-server-1" finish start
[2013-05-20 17:03:19.443] [INFO] /usr/lib/node_modules/pomelo/lib/application.js - application inited: "game-server-1"
[2013-05-20 17:03:19.713] [INFO] console - info: 'socket.io started'
[2013-05-20 17:03:19.728] [INFO] console - [32m[2013-05-20 17:03:19.726] [INFO] /usr/lib/node_modules/pomelo/node_modules/pomelo-admin/lib/consoleService.js - [39mtry to connect master: "game", "127.0.0.1", 3005
[2013-05-20 17:03:19.796] [INFO] /usr/lib/node_modules/pomelo/lib/application.js - "game-server-1" enter after start...
[2013-05-20 17:03:19.798] [INFO] /usr/lib/node_modules/pomelo/lib/application.js - "game-server-1" finish start
[2013-05-20 17:27:33.192] [INFO] /usr/lib/node_modules/pomelo/lib/application.js - application inited: "game-server-1"
[2013-05-20 17:27:33.250] [INFO] console - { [Function]
  super_: { [Function: EventEmitter] listenerCount: [Function] } }
[2013-05-20 17:27:33.515] [INFO] console - info: 'socket.io started'
[2013-05-20 17:27:33.532] [INFO] console - [32m[2013-05-20 17:27:33.529] [INFO] /usr/lib/node_modules/pomelo/node_modules/pomelo-admin/lib/consoleService.js - [39mtry to connect master: "game", "127.0.0.1", 3005
[2013-05-20 17:27:33.581] [INFO] /usr/lib/node_modules/pomelo/lib/application.js - "game-server-1" enter after start...
[2013-05-20 17:27:33.582] [INFO] /usr/lib/node_modules/pomelo/lib/application.js - "game-server-1" finish start
