[2013-05-13 15:26:39.824] [INFO] /usr/lib/node_modules/pomelo/lib/application.js - application inited: "connector-server-1"
[2013-05-13 15:26:40.086] [INFO] console - info: 'socket.io started'
[2013-05-13 15:26:40.100] [INFO] console - [32m[2013-05-13 15:26:40.099] [INFO] /usr/lib/node_modules/pomelo/node_modules/pomelo-admin/lib/consoleService.js - [39mtry to connect master: "connector", "127.0.0.1", 3005
[2013-05-13 15:26:40.141] [INFO] /usr/lib/node_modules/pomelo/lib/application.js - "connector-server-1" enter after start...
[2013-05-13 15:26:40.143] [INFO] /usr/lib/node_modules/pomelo/lib/application.js - "connector-server-1" finish start
[2013-05-14 14:56:21.734] [INFO] /usr/lib/node_modules/pomelo/lib/application.js - application inited: "connector-server-1"
[2013-05-14 14:56:22.952] [INFO] console - info: 'socket.io started'
[2013-05-14 14:56:22.967] [INFO] console - [32m[2013-05-14 14:56:22.966] [INFO] /usr/lib/node_modules/pomelo/node_modules/pomelo-admin/lib/consoleService.js - [39mtry to connect master: "connector", "127.0.0.1", 3005
[2013-05-14 14:56:23.014] [INFO] /usr/lib/node_modules/pomelo/lib/application.js - "connector-server-1" enter after start...
[2013-05-14 14:56:23.016] [INFO] /usr/lib/node_modules/pomelo/lib/application.js - "connector-server-1" finish start
[2013-05-14 15:14:06.489] [INFO] /usr/lib/node_modules/pomelo/lib/application.js - application inited: "connector-server-1"
[2013-05-14 15:14:06.757] [INFO] console - info: 'socket.io started'
[2013-05-14 15:14:06.772] [INFO] console - [32m[2013-05-14 15:14:06.771] [INFO] /usr/lib/node_modules/pomelo/node_modules/pomelo-admin/lib/consoleService.js - [39mtry to connect master: "connector", "127.0.0.1", 3005
[2013-05-14 15:14:06.812] [INFO] /usr/lib/node_modules/pomelo/lib/application.js - "connector-server-1" enter after start...
[2013-05-14 15:14:06.814] [INFO] /usr/lib/node_modules/pomelo/lib/application.js - "connector-server-1" finish start
[2013-05-14 15:29:54.231] [INFO] /usr/lib/node_modules/pomelo/lib/application.js - application inited: "connector-server-1"
[2013-05-14 15:29:54.495] [INFO] console - info: 'socket.io started'
[2013-05-14 15:29:54.509] [INFO] console - [32m[2013-05-14 15:29:54.508] [INFO] /usr/lib/node_modules/pomelo/node_modules/pomelo-admin/lib/consoleService.js - [39mtry to connect master: "connector", "127.0.0.1", 3005
[2013-05-14 15:29:54.549] [INFO] /usr/lib/node_modules/pomelo/lib/application.js - "connector-server-1" enter after start...
[2013-05-14 15:29:54.551] [INFO] /usr/lib/node_modules/pomelo/lib/application.js - "connector-server-1" finish start
[2013-05-14 18:27:43.393] [INFO] /usr/lib/node_modules/pomelo/lib/application.js - application inited: "connector-server-1"
[2013-05-14 18:27:44.454] [INFO] console - info: 'socket.io started'
[2013-05-14 18:27:44.505] [INFO] console - [32m[2013-05-14 18:27:44.504] [INFO] /usr/lib/node_modules/pomelo/node_modules/pomelo-admin/lib/consoleService.js - [39mtry to connect master: "connector", "127.0.0.1", 3005
[2013-05-14 18:27:44.546] [INFO] /usr/lib/node_modules/pomelo/lib/application.js - "connector-server-1" enter after start...
[2013-05-14 18:27:44.548] [INFO] /usr/lib/node_modules/pomelo/lib/application.js - "connector-server-1" finish start
[2013-05-14 18:51:50.195] [INFO] /usr/lib/node_modules/pomelo/lib/application.js - application inited: "connector-server-1"
[2013-05-14 18:51:51.288] [INFO] console - info: 'socket.io started'
[2013-05-14 18:51:51.317] [INFO] console - [32m[2013-05-14 18:51:51.316] [INFO] /usr/lib/node_modules/pomelo/node_modules/pomelo-admin/lib/consoleService.js - [39mtry to connect master: "connector", "127.0.0.1", 3005
[2013-05-14 18:51:51.363] [INFO] /usr/lib/node_modules/pomelo/lib/application.js - "connector-server-1" enter after start...
[2013-05-14 18:51:51.365] [INFO] /usr/lib/node_modules/pomelo/lib/application.js - "connector-server-1" finish start
[2013-05-14 20:49:12.716] [INFO] /usr/lib/node_modules/pomelo/lib/application.js - application inited: "connector-server-1"
[2013-05-14 20:49:13.805] [INFO] console - info: 'socket.io started'
[2013-05-14 20:49:13.830] [INFO] console - [32m[2013-05-14 20:49:13.829] [INFO] /usr/lib/node_modules/pomelo/node_modules/pomelo-admin/lib/consoleService.js - [39mtry to connect master: "connector", "127.0.0.1", 3005
[2013-05-14 20:49:13.866] [INFO] /usr/lib/node_modules/pomelo/lib/application.js - "connector-server-1" enter after start...
[2013-05-14 20:49:13.868] [INFO] /usr/lib/node_modules/pomelo/lib/application.js - "connector-server-1" finish start
[2013-05-15 15:06:24.672] [INFO] /usr/lib/node_modules/pomelo/lib/application.js - application inited: "connector-server-1"
[2013-05-15 15:06:25.719] [INFO] console - info: 'socket.io started'
[2013-05-15 15:06:25.744] [INFO] console - [32m[2013-05-15 15:06:25.744] [INFO] /usr/lib/node_modules/pomelo/node_modules/pomelo-admin/lib/consoleService.js - [39mtry to connect master: "connector", "127.0.0.1", 3005
[2013-05-15 15:06:25.784] [INFO] /usr/lib/node_modules/pomelo/lib/application.js - "connector-server-1" enter after start...
[2013-05-15 15:06:25.786] [INFO] /usr/lib/node_modules/pomelo/lib/application.js - "connector-server-1" finish start
[2013-05-19 14:41:07.275] [INFO] /usr/lib/node_modules/pomelo/lib/application.js - application inited: "connector-server-1"
[2013-05-19 14:41:08.108] [INFO] console - info: 'socket.io started'
[2013-05-19 14:41:08.133] [INFO] console - [32m[2013-05-19 14:41:08.132] [INFO] /usr/lib/node_modules/pomelo/node_modules/pomelo-admin/lib/consoleService.js - [39mtry to connect master: "connector", "127.0.0.1", 3005
[2013-05-19 14:41:08.170] [INFO] /usr/lib/node_modules/pomelo/lib/application.js - "connector-server-1" enter after start...
[2013-05-19 14:41:08.172] [INFO] /usr/lib/node_modules/pomelo/lib/application.js - "connector-server-1" finish start
[2013-05-19 15:26:30.451] [INFO] /usr/lib/node_modules/pomelo/lib/application.js - application inited: "connector-server-1"
[2013-05-19 15:26:30.728] [INFO] console - info: 'socket.io started'
[2013-05-19 15:26:30.742] [INFO] console - [32m[2013-05-19 15:26:30.742] [INFO] /usr/lib/node_modules/pomelo/node_modules/pomelo-admin/lib/consoleService.js - [39mtry to connect master: "connector", "127.0.0.1", 3005
[2013-05-19 15:26:30.786] [INFO] /usr/lib/node_modules/pomelo/lib/application.js - "connector-server-1" enter after start...
[2013-05-19 15:26:30.789] [INFO] /usr/lib/node_modules/pomelo/lib/application.js - "connector-server-1" finish start
[2013-05-19 17:28:23.455] [INFO] /usr/lib/node_modules/pomelo/lib/application.js - application inited: "connector-server-1"
[2013-05-19 17:28:24.542] [INFO] console - info: 'socket.io started'
[2013-05-19 17:28:24.556] [INFO] console - [32m[2013-05-19 17:28:24.555] [INFO] /usr/lib/node_modules/pomelo/node_modules/pomelo-admin/lib/consoleService.js - [39mtry to connect master: "connector", "127.0.0.1", 3005
[2013-05-19 17:28:24.594] [INFO] /usr/lib/node_modules/pomelo/lib/application.js - "connector-server-1" enter after start...
[2013-05-19 17:28:24.596] [INFO] /usr/lib/node_modules/pomelo/lib/application.js - "connector-server-1" finish start
[2013-05-19 17:40:35.484] [INFO] /usr/lib/node_modules/pomelo/lib/application.js - application inited: "connector-server-1"
[2013-05-19 17:40:35.799] [INFO] console - info: 'socket.io started'
[2013-05-19 17:40:35.821] [INFO] console - [32m[2013-05-19 17:40:35.819] [INFO] /usr/lib/node_modules/pomelo/node_modules/pomelo-admin/lib/consoleService.js - [39mtry to connect master: "connector", "127.0.0.1", 3005
[2013-05-19 17:40:35.869] [INFO] /usr/lib/node_modules/pomelo/lib/application.js - "connector-server-1" enter after start...
[2013-05-19 17:40:35.871] [INFO] /usr/lib/node_modules/pomelo/lib/application.js - "connector-server-1" finish start
[2013-05-19 17:56:46.989] [INFO] /usr/lib/node_modules/pomelo/lib/application.js - application inited: "connector-server-1"
[2013-05-19 17:56:47.319] [INFO] console - info: 'socket.io started'
[2013-05-19 17:56:47.338] [INFO] console - [32m[2013-05-19 17:56:47.337] [INFO] /usr/lib/node_modules/pomelo/node_modules/pomelo-admin/lib/consoleService.js - [39mtry to connect master: "connector", "127.0.0.1", 3005
[2013-05-19 17:56:47.379] [INFO] /usr/lib/node_modules/pomelo/lib/application.js - "connector-server-1" enter after start...
[2013-05-19 17:56:47.382] [INFO] /usr/lib/node_modules/pomelo/lib/application.js - "connector-server-1" finish start
[2013-05-19 23:01:08.959] [INFO] /usr/lib/node_modules/pomelo/lib/application.js - application inited: "connector-server-1"
[2013-05-19 23:01:09.320] [INFO] console - info: 'socket.io started'
[2013-05-19 23:01:09.339] [INFO] console - [32m[2013-05-19 23:01:09.338] [INFO] /usr/lib/node_modules/pomelo/node_modules/pomelo-admin/lib/consoleService.js - [39mtry to connect master: "connector", "127.0.0.1", 3005
[2013-05-19 23:01:09.395] [INFO] /usr/lib/node_modules/pomelo/lib/application.js - "connector-server-1" enter after start...
[2013-05-19 23:01:09.397] [INFO] /usr/lib/node_modules/pomelo/lib/application.js - "connector-server-1" finish start
[2013-05-20 09:08:10.564] [INFO] /usr/lib/node_modules/pomelo/lib/application.js - application inited: "connector-server-1"
[2013-05-20 09:08:11.652] [INFO] console - info: 'socket.io started'
[2013-05-20 09:08:11.675] [INFO] console - [32m[2013-05-20 09:08:11.674] [INFO] /usr/lib/node_modules/pomelo/node_modules/pomelo-admin/lib/consoleService.js - [39mtry to connect master: "connector", "127.0.0.1", 3005
[2013-05-20 09:08:11.712] [INFO] /usr/lib/node_modules/pomelo/lib/application.js - "connector-server-1" enter after start...
[2013-05-20 09:08:11.715] [INFO] /usr/lib/node_modules/pomelo/lib/application.js - "connector-server-1" finish start
[2013-05-20 09:48:33.969] [INFO] /usr/lib/node_modules/pomelo/lib/application.js - application inited: "connector-server-1"
[2013-05-20 09:48:34.317] [INFO] console - info: 'socket.io started'
[2013-05-20 09:48:34.337] [INFO] console - [32m[2013-05-20 09:48:34.336] [INFO] /usr/lib/node_modules/pomelo/node_modules/pomelo-admin/lib/consoleService.js - [39mtry to connect master: "connector", "127.0.0.1", 3005
[2013-05-20 09:48:34.380] [INFO] /usr/lib/node_modules/pomelo/lib/application.js - "connector-server-1" enter after start...
[2013-05-20 09:48:34.382] [INFO] /usr/lib/node_modules/pomelo/lib/application.js - "connector-server-1" finish start
[2013-05-20 09:58:31.457] [INFO] console - undefined
[2013-05-20 09:58:31.458] [INFO] console - undefined
[2013-05-20 09:59:09.582] [INFO] /usr/lib/node_modules/pomelo/lib/application.js - application inited: "connector-server-1"
[2013-05-20 09:59:09.917] [INFO] console - info: 'socket.io started'
[2013-05-20 09:59:09.933] [INFO] console - [32m[2013-05-20 09:59:09.933] [INFO] /usr/lib/node_modules/pomelo/node_modules/pomelo-admin/lib/consoleService.js - [39mtry to connect master: "connector", "127.0.0.1", 3005
[2013-05-20 09:59:09.977] [INFO] /usr/lib/node_modules/pomelo/lib/application.js - "connector-server-1" enter after start...
[2013-05-20 09:59:09.980] [INFO] /usr/lib/node_modules/pomelo/lib/application.js - "connector-server-1" finish start
[2013-05-20 09:59:24.366] [INFO] console - { __route__: 'connector.entryHandler.login' }
[2013-05-20 09:59:24.368] [INFO] console - undefined
[2013-05-20 09:59:24.368] [INFO] console - undefined
[2013-05-20 10:00:12.301] [INFO] /usr/lib/node_modules/pomelo/lib/application.js - application inited: "connector-server-1"
[2013-05-20 10:00:12.628] [INFO] console - info: 'socket.io started'
[2013-05-20 10:00:12.647] [INFO] console - [32m[2013-05-20 10:00:12.646] [INFO] /usr/lib/node_modules/pomelo/node_modules/pomelo-admin/lib/consoleService.js - [39mtry to connect master: "connector", "127.0.0.1", 3005
[2013-05-20 10:00:12.693] [INFO] /usr/lib/node_modules/pomelo/lib/application.js - "connector-server-1" enter after start...
[2013-05-20 10:00:12.696] [INFO] /usr/lib/node_modules/pomelo/lib/application.js - "connector-server-1" finish start
[2013-05-20 10:00:23.521] [INFO] console - { __route__: 'connector.entryHandler.login' }
[2013-05-20 10:00:23.524] [INFO] console - { domain: null,
  _events: {},
  _maxListeners: 10,
  id: 1,
  frontendId: 'connector-server-1',
  uid: null,
  __sessionService__: 
   { sendDirectly: undefined,
     sessions: { '1': [Object] },
     uidMap: {},
     msgQueues: {} },
  settings: {},
  __session__: 
   { domain: null,
     _events: { closed: [Function], bind: [Function] },
     _maxListeners: 10,
     id: 1,
     frontendId: 'connector-server-1',
     uid: null,
     settings: {},
     __socket__: 
      { domain: null,
        _events: [Object],
        _maxListeners: 10,
        id: 1,
        socket: [Object],
        remoteAddress: [Object],
        state: 2 },
     __sessionService__: 
      { sendDirectly: undefined,
        sessions: [Object],
        uidMap: {},
        msgQueues: {} },
     __state__: 0 } }
[2013-05-20 10:05:12.321] [INFO] console - { __route__: 'connector.entryHandler.login' }
[2013-05-20 10:05:12.322] [INFO] console - { domain: null,
  _events: {},
  _maxListeners: 10,
  id: 2,
  frontendId: 'connector-server-1',
  uid: null,
  __sessionService__: 
   { sendDirectly: undefined,
     sessions: { '2': [Object] },
     uidMap: {},
     msgQueues: {} },
  settings: {},
  __session__: 
   { domain: null,
     _events: { closed: [Function], bind: [Function] },
     _maxListeners: 10,
     id: 2,
     frontendId: 'connector-server-1',
     uid: null,
     settings: {},
     __socket__: 
      { domain: null,
        _events: [Object],
        _maxListeners: 10,
        id: 2,
        socket: [Object],
        remoteAddress: [Object],
        state: 2 },
     __sessionService__: 
      { sendDirectly: undefined,
        sessions: [Object],
        uidMap: {},
        msgQueues: {} },
     __state__: 0 } }
[2013-05-20 10:05:45.971] [INFO] console - { account: '123456',
  password: '123456',
  __route__: 'connector.entryHandler.login' }
[2013-05-20 10:05:45.972] [INFO] console - { domain: null,
  _events: {},
  _maxListeners: 10,
  id: 3,
  frontendId: 'connector-server-1',
  uid: null,
  __sessionService__: 
   { sendDirectly: undefined,
     sessions: { '3': [Object] },
     uidMap: {},
     msgQueues: {} },
  settings: {},
  __session__: 
   { domain: null,
     _events: { closed: [Function], bind: [Function] },
     _maxListeners: 10,
     id: 3,
     frontendId: 'connector-server-1',
     uid: null,
     settings: {},
     __socket__: 
      { domain: null,
        _events: [Object],
        _maxListeners: 10,
        id: 3,
        socket: [Object],
        remoteAddress: [Object],
        state: 2 },
     __sessionService__: 
      { sendDirectly: undefined,
        sessions: [Object],
        uidMap: {},
        msgQueues: {} },
     __state__: 0 } }
[2013-05-20 10:16:56.016] [INFO] /usr/lib/node_modules/pomelo/lib/application.js - application inited: "connector-server-1"
[2013-05-20 10:16:56.383] [INFO] console - info: 'socket.io started'
[2013-05-20 10:16:56.404] [INFO] console - [32m[2013-05-20 10:16:56.403] [INFO] /usr/lib/node_modules/pomelo/node_modules/pomelo-admin/lib/consoleService.js - [39mtry to connect master: "connector", "127.0.0.1", 3005
[2013-05-20 10:16:56.448] [INFO] /usr/lib/node_modules/pomelo/lib/application.js - "connector-server-1" enter after start...
[2013-05-20 10:16:56.451] [INFO] /usr/lib/node_modules/pomelo/lib/application.js - "connector-server-1" finish start
[2013-05-20 10:20:35.498] [INFO] /usr/lib/node_modules/pomelo/lib/application.js - application inited: "connector-server-1"
[2013-05-20 10:20:35.828] [INFO] console - info: 'socket.io started'
[2013-05-20 10:20:35.848] [INFO] console - [32m[2013-05-20 10:20:35.846] [INFO] /usr/lib/node_modules/pomelo/node_modules/pomelo-admin/lib/consoleService.js - [39mtry to connect master: "connector", "127.0.0.1", 3005
[2013-05-20 10:20:35.886] [INFO] /usr/lib/node_modules/pomelo/lib/application.js - "connector-server-1" enter after start...
[2013-05-20 10:20:35.888] [INFO] /usr/lib/node_modules/pomelo/lib/application.js - "connector-server-1" finish start
[2013-05-20 10:20:57.503] [ERROR] console -  Caught exception: ReferenceError: account is not defined
    at handler.login (/home/noonnightstorm/codings/nodejs/love-game/game-server/app/servers/connector/handler/entryHandler.js:34:33)
    at Service.handle (/usr/lib/node_modules/pomelo/lib/common/service/handlerService.js:34:30)
    at handle (/usr/lib/node_modules/pomelo/lib/server/server.js:229:25)
    at next (/usr/lib/node_modules/pomelo/lib/common/service/filterService.js:50:7)
    at Service.beforeFilter (/usr/lib/node_modules/pomelo/lib/common/service/filterService.js:65:3)
    at beforeFilter (/usr/lib/node_modules/pomelo/lib/server/server.js:116:8)
    at doHandle (/usr/lib/node_modules/pomelo/lib/server/server.js:242:3)
    at pro.handle (/usr/lib/node_modules/pomelo/lib/server/server.js:71:5)
    at Component.handle (/usr/lib/node_modules/pomelo/lib/components/server.js:54:15)
    at handleMessage (/usr/lib/node_modules/pomelo/lib/components/connector.js:152:20)
[2013-05-20 10:21:47.380] [INFO] /usr/lib/node_modules/pomelo/lib/application.js - application inited: "connector-server-1"
[2013-05-20 10:21:47.726] [INFO] console - info: 'socket.io started'
[2013-05-20 10:21:47.744] [INFO] console - [32m[2013-05-20 10:21:47.743] [INFO] /usr/lib/node_modules/pomelo/node_modules/pomelo-admin/lib/consoleService.js - [39mtry to connect master: "connector", "127.0.0.1", 3005
[2013-05-20 10:21:47.786] [INFO] /usr/lib/node_modules/pomelo/lib/application.js - "connector-server-1" enter after start...
[2013-05-20 10:21:47.789] [INFO] /usr/lib/node_modules/pomelo/lib/application.js - "connector-server-1" finish start
[2013-05-20 10:21:56.130] [INFO] console - { domain: null,
  _events: { closed: [Function] },
  _maxListeners: 10,
  id: 1,
  frontendId: 'connector-server-1',
  uid: null,
  __sessionService__: 
   { sendDirectly: undefined,
     sessions: { '1': [Object] },
     uidMap: { '123456': [Object] },
     msgQueues: {} },
  settings: { rid: '123456+undefined' },
  __session__: 
   { domain: null,
     _events: { closed: [Object], bind: [Function] },
     _maxListeners: 10,
     id: 1,
     frontendId: 'connector-server-1',
     uid: '123456',
     settings: { rid: '123456+undefined' },
     __socket__: 
      { domain: null,
        _events: [Object],
        _maxListeners: 10,
        id: 1,
        socket: [Object],
        remoteAddress: [Object],
        state: 2 },
     __sessionService__: 
      { sendDirectly: undefined,
        sessions: [Object],
        uidMap: [Object],
        msgQueues: {} },
     __state__: 0 } }
[2013-05-20 10:27:49.274] [INFO] /usr/lib/node_modules/pomelo/lib/application.js - application inited: "connector-server-1"
[2013-05-20 10:27:49.621] [INFO] console - info: 'socket.io started'
[2013-05-20 10:27:49.638] [INFO] console - [32m[2013-05-20 10:27:49.637] [INFO] /usr/lib/node_modules/pomelo/node_modules/pomelo-admin/lib/consoleService.js - [39mtry to connect master: "connector", "127.0.0.1", 3005
[2013-05-20 10:27:49.679] [INFO] /usr/lib/node_modules/pomelo/lib/application.js - "connector-server-1" enter after start...
[2013-05-20 10:27:49.682] [INFO] /usr/lib/node_modules/pomelo/lib/application.js - "connector-server-1" finish start
[2013-05-20 10:28:00.483] [INFO] console - { domain: null,
  _events: { closed: [Function] },
  _maxListeners: 10,
  id: 1,
  frontendId: 'connector-server-1',
  uid: null,
  __sessionService__: 
   { sendDirectly: undefined,
     sessions: { '1': [Object] },
     uidMap: { '123456': [Object] },
     msgQueues: {} },
  settings: { rid: '123456+undefined' },
  __session__: 
   { domain: null,
     _events: { closed: [Object], bind: [Function] },
     _maxListeners: 10,
     id: 1,
     frontendId: 'connector-server-1',
     uid: '123456',
     settings: { rid: '123456+undefined' },
     __socket__: 
      { domain: null,
        _events: [Object],
        _maxListeners: 10,
        id: 1,
        socket: [Object],
        remoteAddress: [Object],
        state: 2 },
     __sessionService__: 
      { sendDirectly: undefined,
        sessions: [Object],
        uidMap: [Object],
        msgQueues: {} },
     __state__: 0 } }
[2013-05-20 10:28:28.777] [INFO] /usr/lib/node_modules/pomelo/lib/application.js - application inited: "connector-server-1"
[2013-05-20 10:28:29.112] [INFO] console - info: 'socket.io started'
[2013-05-20 10:28:29.131] [INFO] console - [32m[2013-05-20 10:28:29.130] [INFO] /usr/lib/node_modules/pomelo/node_modules/pomelo-admin/lib/consoleService.js - [39mtry to connect master: "connector", "127.0.0.1", 3005
[2013-05-20 10:28:29.180] [INFO] /usr/lib/node_modules/pomelo/lib/application.js - "connector-server-1" enter after start...
[2013-05-20 10:28:29.183] [INFO] /usr/lib/node_modules/pomelo/lib/application.js - "connector-server-1" finish start
[2013-05-20 10:30:51.868] [INFO] console - user have left
[2013-05-20 10:30:51.868] [INFO] console - user have left
[2013-05-20 10:30:51.868] [INFO] console - user have left
[2013-05-20 10:30:51.869] [INFO] console - user have left
[2013-05-20 10:30:51.869] [INFO] console - user have left
[2013-05-20 10:30:51.869] [INFO] console - user have left
[2013-05-20 10:30:54.974] [INFO] /usr/lib/node_modules/pomelo/lib/application.js - application inited: "connector-server-1"
[2013-05-20 10:30:55.312] [INFO] console - info: 'socket.io started'
[2013-05-20 10:30:55.329] [INFO] console - [32m[2013-05-20 10:30:55.328] [INFO] /usr/lib/node_modules/pomelo/node_modules/pomelo-admin/lib/consoleService.js - [39mtry to connect master: "connector", "127.0.0.1", 3005
[2013-05-20 10:30:55.370] [INFO] /usr/lib/node_modules/pomelo/lib/application.js - "connector-server-1" enter after start...
[2013-05-20 10:30:55.373] [INFO] /usr/lib/node_modules/pomelo/lib/application.js - "connector-server-1" finish start
[2013-05-20 10:31:03.925] [INFO] console - undefined
[2013-05-20 10:31:07.529] [INFO] console - { domain: null,
  _events: { closed: [ [Function], [Function] ], bind: [Function] },
  _maxListeners: 10,
  id: 1,
  frontendId: 'connector-server-1',
  uid: '123456&undefined',
  settings: {},
  __socket__: 
   { domain: null,
     _events: 
      { handshake: [Function],
        heartbeat: [Function],
        disconnect: [Object],
        closing: [Function],
        error: [Function],
        message: [Function] },
     _maxListeners: 10,
     id: 1,
     socket: 
      { _socket: [Object],
        bytesReceived: 241,
        readyState: 1,
        supports: [Object],
        protocol: undefined,
        protocolVersion: 13,
        upgradeReq: [Object],
        _isServer: true,
        _receiver: [Object],
        _sender: [Object],
        _events: [Object] },
     remoteAddress: { ip: '127.0.0.1', port: 52753 },
     state: 2 },
  __sessionService__: 
   { sendDirectly: undefined,
     sessions: { '1': [Circular] },
     uidMap: { '123456&undefined': [Circular] },
     msgQueues: {} },
  __state__: 0 }
[2013-05-20 10:38:50.308] [INFO] /usr/lib/node_modules/pomelo/lib/application.js - application inited: "connector-server-1"
[2013-05-20 10:38:50.647] [INFO] console - info: 'socket.io started'
[2013-05-20 10:38:50.669] [INFO] console - [32m[2013-05-20 10:38:50.668] [INFO] /usr/lib/node_modules/pomelo/node_modules/pomelo-admin/lib/consoleService.js - [39mtry to connect master: "connector", "127.0.0.1", 3005
[2013-05-20 10:38:50.715] [INFO] /usr/lib/node_modules/pomelo/lib/application.js - "connector-server-1" enter after start...
[2013-05-20 10:38:50.718] [INFO] /usr/lib/node_modules/pomelo/lib/application.js - "connector-server-1" finish start
[2013-05-20 10:39:00.752] [INFO] console - duplicate log in
[2013-05-20 11:05:21.011] [INFO] console - user have left
[2013-05-20 12:08:57.582] [INFO] /usr/lib/node_modules/pomelo/lib/application.js - application inited: "connector-server-1"
[2013-05-20 12:08:58.631] [INFO] console - info: 'socket.io started'
[2013-05-20 12:08:58.650] [INFO] console - [32m[2013-05-20 12:08:58.649] [INFO] /usr/lib/node_modules/pomelo/node_modules/pomelo-admin/lib/consoleService.js - [39mtry to connect master: "connector", "127.0.0.1", 3005
[2013-05-20 12:08:58.698] [INFO] /usr/lib/node_modules/pomelo/lib/application.js - "connector-server-1" enter after start...
[2013-05-20 12:08:58.701] [INFO] /usr/lib/node_modules/pomelo/lib/application.js - "connector-server-1" finish start
[2013-05-20 12:09:14.818] [INFO] console - duplicate log in
[2013-05-20 12:11:56.361] [INFO] console - user have left
[2013-05-20 12:12:06.488] [INFO] console - duplicate log in
[2013-05-20 12:12:07.456] [INFO] console - duplicate log in
[2013-05-20 12:12:08.007] [INFO] console - duplicate log in
[2013-05-20 12:13:53.979] [INFO] console - user have left
[2013-05-20 12:14:11.929] [INFO] console - duplicate log in
[2013-05-20 12:14:16.454] [INFO] console - user have left
[2013-05-20 12:21:28.280] [INFO] console - duplicate log in
[2013-05-20 12:22:08.606] [INFO] console - user have left
[2013-05-20 12:22:15.654] [INFO] /usr/lib/node_modules/pomelo/lib/application.js - application inited: "connector-server-1"
[2013-05-20 12:22:16.040] [INFO] console - info: 'socket.io started'
[2013-05-20 12:22:16.061] [INFO] console - [32m[2013-05-20 12:22:16.060] [INFO] /usr/lib/node_modules/pomelo/node_modules/pomelo-admin/lib/consoleService.js - [39mtry to connect master: "connector", "127.0.0.1", 3005
[2013-05-20 12:22:16.108] [INFO] /usr/lib/node_modules/pomelo/lib/application.js - "connector-server-1" enter after start...
[2013-05-20 12:22:16.111] [INFO] /usr/lib/node_modules/pomelo/lib/application.js - "connector-server-1" finish start
